<?xml version="1.0" encoding="UTF-8"?>
<!-- Generated by org.testng.reporters.JUnitXMLReporter -->
<testsuite ignored="0" hostname="VIKRAMRAJA" failures="0" tests="3" name="Default test" time="15.561" errors="0" timestamp="2025-11-06T00:01:41 IST">
  <testcase classname="com.enrichminion.tests.UI_Automation_PositiveFlow" name="loginTest" time="5.975"/>
  <testcase classname="com.enrichminion.tests.UI_Automation_PositiveFlow" name="uploadFileTest" time="4.337"/>
  <testcase classname="com.enrichminion.tests.UI_Automation_PositiveFlow" name="logoutTest" time="1.679"/>
</testsuite> <!-- Default test -->
